<?xml version="1.0" encoding="UTF-8"?>
<!-- Generated by org.testng.reporters.JUnitXMLReporter -->
<testsuite ignored="0" hostname="HariDarshana" failures="0" tests="3" name="Default test" time="16.698" errors="0" timestamp="2022-11-14T16:09:41 CST">
  <testcase classname="jsonproject.DDTestUsingJson" name="login" time="3.17"/>
  <testcase classname="jsonproject.DDTestUsingJson" name="login" time="1.886"/>
  <testcase classname="jsonproject.DDTestUsingJson" name="login" time="2.098"/>
</testsuite> <!-- Default test -->
