<?xml version="1.0" encoding="UTF-8"?>
<testng-results ignored="0" total="3" passed="3" failed="0" skipped="0">
  <reporter-output>
  </reporter-output>
  <suite started-at="2022-11-14T16:09:25 CST" name="Default suite" finished-at="2022-11-14T16:09:41 CST" duration-ms="16698">
    <groups>
    </groups>
    <test started-at="2022-11-14T16:09:25 CST" name="Default test" finished-at="2022-11-14T16:09:41 CST" duration-ms="16698">
      <class name="jsonproject.DDTestUsingJson">
        <test-method is-config="true" signature="setup()[pri:0, instance:jsonproject.DDTestUsingJson@290222c1]" started-at="2022-11-14T16:09:25 CST" name="setup" finished-at="2022-11-14T16:09:34 CST" duration-ms="9085" status="PASS">
          <reporter-output>
          </reporter-output>
        </test-method> <!-- setup -->
        <test-method signature="login(java.lang.String)[pri:0, instance:jsonproject.DDTestUsingJson@290222c1]" started-at="2022-11-14T16:09:34 CST" name="login" data-provider="dp" finished-at="2022-11-14T16:09:37 CST" duration-ms="3170" status="PASS">
          <params>
            <param index="0">
              <value>
                <![CDATA[abc@gmail.com,Test@123]]>
              </value>
            </param>
          </params>
          <reporter-output>
          </reporter-output>
        </test-method> <!-- login -->
        <test-method signature="login(java.lang.String)[pri:0, instance:jsonproject.DDTestUsingJson@290222c1]" started-at="2022-11-14T16:09:37 CST" name="login" data-provider="dp" finished-at="2022-11-14T16:09:39 CST" duration-ms="1886" status="PASS">
          <params>
            <param index="0">
              <value>
                <![CDATA[xyz@gmail.com,Test@12]]>
              </value>
            </param>
          </params>
          <reporter-output>
          </reporter-output>
        </test-method> <!-- login -->
        <test-method signature="login(java.lang.String)[pri:0, instance:jsonproject.DDTestUsingJson@290222c1]" started-at="2022-11-14T16:09:39 CST" name="login" data-provider="dp" finished-at="2022-11-14T16:09:41 CST" duration-ms="2098" status="PASS">
          <params>
            <param index="0">
              <value>
                <![CDATA[adtest@yourstore.com,adn]]>
              </value>
            </param>
          </params>
          <reporter-output>
          </reporter-output>
        </test-method> <!-- login -->
        <test-method is-config="true" signature="tearDown()[pri:0, instance:jsonproject.DDTestUsingJson@290222c1]" started-at="2022-11-14T16:09:41 CST" name="tearDown" finished-at="2022-11-14T16:09:41 CST" duration-ms="335" status="PASS">
          <reporter-output>
          </reporter-output>
        </test-method> <!-- tearDown -->
      </class> <!-- jsonproject.DDTestUsingJson -->
    </test> <!-- Default test -->
  </suite> <!-- Default suite -->
</testng-results>
